<?xml version="1.0" encoding="UTF-8"?>
<!-- Generated by org.testng.reporters.JUnitReportReporter -->
<testsuite hostname="LAPTOP-B2AN2NJ9" failures="0" tests="1" name="mavenforjenkins.UITest" time="12.375" errors="0" timestamp="2023-05-14T00:41:02 IST" skipped="0">
  <testcase classname="mavenforjenkins.UITest" name="startBrowser" time="12.375"/>
  <system-out/>
</testsuite> <!-- mavenforjenkins.UITest -->
